Using pre-set license
Built from '2022.3/staging' branch; Version is '2022.3.14f1 (eff2de9070d8) revision 15725278'; Using compiler version '192829333'; Build Type 'Release'
OS: 'Windows 11  (10.0.22631) 64bit Professional' Language: 'ru' Physical Memory: 49000 MB
BatchMode: 1, IsHumanControllingUs: 0, StartBugReporterOnCrash: 0, Is64bit: 1, IsPro: 1

COMMAND LINE ARGUMENTS:
C:\Program Files\Unity\Hub\Editor\2022.3.14f1\Editor\Unity.exe
-adb2
-batchMode
-noUpm
-name
AssetImportWorker6
-projectPath
D:/UnityProjects/CarTest
-logFile
Logs/AssetImportWorker6.log
-srvPort
59485
Successfully changed project path to: D:/UnityProjects/CarTest
D:/UnityProjects/CarTest
[UnityMemory] Configuration Parameters - Can be set up in boot.config
    "memorysetup-bucket-allocator-granularity=16"
    "memorysetup-bucket-allocator-bucket-count=8"
    "memorysetup-bucket-allocator-block-size=33554432"
    "memorysetup-bucket-allocator-block-count=8"
    "memorysetup-main-allocator-block-size=16777216"
    "memorysetup-thread-allocator-block-size=16777216"
    "memorysetup-gfx-main-allocator-block-size=16777216"
    "memorysetup-gfx-thread-allocator-block-size=16777216"
    "memorysetup-cache-allocator-block-size=4194304"
    "memorysetup-typetree-allocator-block-size=2097152"
    "memorysetup-profiler-bucket-allocator-granularity=16"
    "memorysetup-profiler-bucket-allocator-bucket-count=8"
    "memorysetup-profiler-bucket-allocator-block-size=33554432"
    "memorysetup-profiler-bucket-allocator-block-count=8"
    "memorysetup-profiler-allocator-block-size=16777216"
    "memorysetup-profiler-editor-allocator-block-size=1048576"
    "memorysetup-temp-allocator-size-main=16777216"
    "memorysetup-job-temp-allocator-block-size=2097152"
    "memorysetup-job-temp-allocator-block-size-background=1048576"
    "memorysetup-job-temp-allocator-reduction-small-platforms=262144"
    "memorysetup-allocator-temp-initial-block-size-main=262144"
    "memorysetup-allocator-temp-initial-block-size-worker=262144"
    "memorysetup-temp-allocator-size-background-worker=32768"
    "memorysetup-temp-allocator-size-job-worker=262144"
    "memorysetup-temp-allocator-size-preload-manager=33554432"
    "memorysetup-temp-allocator-size-nav-mesh-worker=65536"
    "memorysetup-temp-allocator-size-audio-worker=65536"
    "memorysetup-temp-allocator-size-cloud-worker=32768"
    "memorysetup-temp-allocator-size-gi-baking-worker=262144"
    "memorysetup-temp-allocator-size-gfx=262144"
Player connection [27228] Host "[IP] 192.168.3.15 [Port] 0 [Flags] 2 [Guid] 2729041058 [EditorId] 2729041058 [Version] 1048832 [Id] WindowsEditor(7,Home-PC) [Debug] 1 [PackageName] WindowsEditor [ProjectName] Editor" joined multi-casting on [225.0.0.222:54997]...

Player connection [27228] Host "[IP] 192.168.3.15 [Port] 0 [Flags] 2 [Guid] 2729041058 [EditorId] 2729041058 [Version] 1048832 [Id] WindowsEditor(7,Home-PC) [Debug] 1 [PackageName] WindowsEditor [ProjectName] Editor" joined alternative multi-casting on [225.0.0.222:34997]...

[Physics::Module] Initialized MultithreadedJobDispatcher with 11 workers.
Refreshing native plugins compatible for Editor in 8.43 ms, found 3 plugins.
Preloading 0 native plugins for Editor in 0.00 ms.
Initialize engine version: 2022.3.14f1 (eff2de9070d8)
[Subsystems] Discovering subsystems at path C:/Program Files/Unity/Hub/Editor/2022.3.14f1/Editor/Data/Resources/UnitySubsystems
[Subsystems] Discovering subsystems at path D:/UnityProjects/CarTest/Assets
GfxDevice: creating device client; threaded=0; jobified=0
Direct3D:
    Version:  Direct3D 11.0 [level 11.1]
    Renderer: AMD Radeon RX 580 2048SP (ID=0x6fdf)
    Vendor:   ATI
    VRAM:     8170 MB
    Driver:   31.0.21921.1000
Initialize mono
Mono path[0] = 'C:/Program Files/Unity/Hub/Editor/2022.3.14f1/Editor/Data/Managed'
Mono path[1] = 'C:/Program Files/Unity/Hub/Editor/2022.3.14f1/Editor/Data/MonoBleedingEdge/lib/mono/unityjit-win32'
Mono config path = 'C:/Program Files/Unity/Hub/Editor/2022.3.14f1/Editor/Data/MonoBleedingEdge/etc'
Using monoOptions --debugger-agent=transport=dt_socket,embedding=1,server=y,suspend=n,address=127.0.0.1:56280
Begin MonoManager ReloadAssembly
Registering precompiled unity dll's ...
Register platform support module: C:/Program Files/Unity/Hub/Editor/2022.3.14f1/Editor/Data/PlaybackEngines/AndroidPlayer/UnityEditor.Android.Extensions.dll
Register platform support module: C:/Program Files/Unity/Hub/Editor/2022.3.14f1/Editor/Data/PlaybackEngines/WindowsStandaloneSupport/UnityEditor.WindowsStandalone.Extensions.dll
Registered in 0.005133 seconds.
- Loaded All Assemblies, in  0.319 seconds
Native extension for WindowsStandalone target not found
Native extension for Android target not found
Android Extension - Scanning For ADB Devices 315 ms
Mono: successfully reloaded assembly
- Finished resetting the current domain, in  0.610 seconds
Domain Reload Profiling: 928ms
	BeginReloadAssembly (94ms)
		ExecutionOrderSort (0ms)
		DisableScriptedObjects (0ms)
		BackupInstance (0ms)
		ReleaseScriptingObjects (0ms)
		CreateAndSetChildDomain (1ms)
	RebuildCommonClasses (31ms)
	RebuildNativeTypeToScriptingClass (8ms)
	initialDomainReloadingComplete (47ms)
	LoadAllAssembliesAndSetupDomain (138ms)
		LoadAssemblies (94ms)
		RebuildTransferFunctionScriptingTraits (0ms)
		AnalyzeDomain (135ms)
			TypeCache.Refresh (134ms)
				TypeCache.ScanAssembly (123ms)
			ScanForSourceGeneratedMonoScriptInfo (0ms)
			ResolveRequiredComponents (1ms)
	FinalizeReload (610ms)
		ReleaseScriptCaches (0ms)
		RebuildScriptCaches (0ms)
		SetupLoadedEditorAssemblies (560ms)
			LogAssemblyErrors (0ms)
			InitializePlatformSupportModulesInManaged (409ms)
			SetLoadedEditorAssemblies (3ms)
			RefreshPlugins (0ms)
			BeforeProcessingInitializeOnLoad (2ms)
			ProcessInitializeOnLoadAttributes (100ms)
			ProcessInitializeOnLoadMethodAttributes (46ms)
			AfterProcessingInitializeOnLoad (0ms)
			EditorAssembliesLoaded (0ms)
		ExecutionOrderSort2 (0ms)
		AwakeInstancesAfterBackupRestoration (0ms)
========================================================================
Worker process is ready to serve import requests
Begin MonoManager ReloadAssembly
- Loaded All Assemblies, in  0.643 seconds
Refreshing native plugins compatible for Editor in 1.89 ms, found 3 plugins.
Native extension for WindowsStandalone target not found
Native extension for Android target not found
Mono: successfully reloaded assembly
- Finished resetting the current domain, in  0.612 seconds
Domain Reload Profiling: 1255ms
	BeginReloadAssembly (160ms)
		ExecutionOrderSort (0ms)
		DisableScriptedObjects (6ms)
		BackupInstance (0ms)
		ReleaseScriptingObjects (0ms)
		CreateAndSetChildDomain (27ms)
	RebuildCommonClasses (40ms)
	RebuildNativeTypeToScriptingClass (13ms)
	initialDomainReloadingComplete (35ms)
	LoadAllAssembliesAndSetupDomain (394ms)
		LoadAssemblies (274ms)
		RebuildTransferFunctionScriptingTraits (0ms)
		AnalyzeDomain (213ms)
			TypeCache.Refresh (192ms)
				TypeCache.ScanAssembly (172ms)
			ScanForSourceGeneratedMonoScriptInfo (16ms)
			ResolveRequiredComponents (4ms)
	FinalizeReload (612ms)
		ReleaseScriptCaches (0ms)
		RebuildScriptCaches (0ms)
		SetupLoadedEditorAssemblies (453ms)
			LogAssemblyErrors (0ms)
			InitializePlatformSupportModulesInManaged (23ms)
			SetLoadedEditorAssemblies (4ms)
			RefreshPlugins (0ms)
			BeforeProcessingInitializeOnLoad (59ms)
			ProcessInitializeOnLoadAttributes (339ms)
			ProcessInitializeOnLoadMethodAttributes (25ms)
			AfterProcessingInitializeOnLoad (3ms)
			EditorAssembliesLoaded (0ms)
		ExecutionOrderSort2 (0ms)
		AwakeInstancesAfterBackupRestoration (7ms)
Launched and connected shader compiler UnityShaderCompiler.exe after 0.07 seconds
Refreshing native plugins compatible for Editor in 2.50 ms, found 3 plugins.
Preloading 0 native plugins for Editor in 0.00 ms.
Unloading 3704 Unused Serialized files (Serialized files now loaded: 0)
Unloading 35 unused Assets / (59.4 KB). Loaded Objects now: 4164.
Memory consumption went from 140.9 MB to 140.9 MB.
Total: 3.645800 ms (FindLiveObjects: 0.257100 ms CreateObjectMapping: 0.173500 ms MarkObjects: 3.112400 ms  DeleteObjects: 0.102100 ms)

AssetImportParameters requested are different than current active one (requested -> active):
  custom:scripting/monoscript/fileName/MobileInput.cs: 45157213a592705003ce47297923910a -> b2cb607d5a17cee75ff10673ad6b3f6c
  custom:container-demuxer-ogg: 62fdf1f143b41e24485cea50d1cbac27 -> 
  custom:video-codec-MediaFoundation-h265: 746d11721c4dcdbdad8f713fa42b33f4 -> 
  custom:video-decoder-ogg-theora: a1e56fd34408186e4bbccfd4996cb3dc -> 
  custom:framework-win-MediaFoundation: 216162199b28c13a410421893ffa2e32 -> 
  custom:scripting/monoscript/fileName/NewBehaviourScript.cs: b21687ddb03d73bd9f0c1daecb9714de -> 
  custom:scripting/monoscript/fileName/PlayerController.cs: 5b090d859ab09be631dc3b0f203f9571 -> d93a52a180fbbe603a59e9aa6da73c83
  custom:scripting/monoscript/fileName/PCInput.cs: 396424ac44d37adab54ca50b573b6ad4 -> 48ba8b03df181ac4dd8a05cdc946d955
  custom:scripting/monoscript/fileName/PCCameraControl.cs: b0f912f6625847ccda609c320a0870b6 -> 
  custom:CustomObjectIndexerAttribute: 756ad292c208cfabdd7b50bc23989ffe -> 
  custom:scripting/monoscript/fileName/PCCameraControllerr.cs: 279ae8e8d9421672c21875d1fa8dc6fb -> 
  custom:container-demuxer-webm: 4f35f7cbe854078d1ac9338744f61a02 -> 
  custom:scripting/monoscript/fileName/Garage.cs: defaf261f3c2997ca53792871b05c5c9 -> 
  custom:scripting/monoscript/fileName/CameraInstaller.cs: 184db95a342f296d6c28aec27e4da93b -> 
  custom:scripting/monoscript/fileName/InputInstaller.cs: 29507d60b6fe51d1f8d0bff68f77da68 -> aa94c66e08e0658d2f03e10e6f45d650
  custom:container-muxer-webm: aa71ff27fc2769a1b78a27578f13a17b -> 
  custom:video-decoder-webm-vp8: 9c59270c3fd7afecdb556c50c9e8de78 -> 
  custom:scripting/monoscript/fileName/MobileCameraControl.cs: 9e4e60dda4197200f3feb228187b45f1 -> 
  custom:SearchIndexIgnoredProperties: e643bd26f0fe6173181afceb89e7c659 -> 
  custom:AudioImporter_EditorPlatform: d09bf68614088b80899f8185d706f6e7 -> 
  custom:scripting/monoscript/fileName/ICamera.cs: 44d8a2333003cbeb1e95fbd4f7cf8059 -> 
  custom:scripting/monoscript/fileName/ICameraControl.cs: b8fcd9a2debb20790708f7b8a1386cc4 -> 
  custom:scripting/monoscript/fileName/CameraController.cs: 8c1552359b63a9cc2441f8476730760e -> 
  custom:scripting/monoscript/fileName/MouseLook.cs: 02bafd22af827e561c2131ae88bbd075 -> 
  custom:scripting/monoscript/fileName/IInput.cs: e48f7b6109113fde9d57000266ab09ef -> d54d7530a6c7b0aa24b87579df99120c
  custom:scripting/monoscript/fileName/GameInstaller.cs: 50339ac44199edb3dda3a56c558c6fc9 -> 06a0a1c302e0a5f0af9ae605aa507c81
  custom:video-encoder-webm-vp8: eb34c28f22e8b96e1ab97ce403110664 -> 
  custom:audio-decoder-ogg-vorbis: bf7c407c2cedff20999df2af8eb42d56 -> 
  custom:scripting/monoscript/fileName/MobileCameraController.cs: 3fda4a38c19fc6ffca91ea13aa74bb6e -> 
  custom:scripting/monoscript/fileName/Item.cs: edfd25bbe8f561e55c7415f9c3adacfe -> 
  custom:scripting/monoscript/fileName/IInteractable.cs: 07db8337fad5027baa99a7050842f606 -> 
  custom:scripting/monoscript/fileName/Player.cs: 007e2e63cbf915a2b71612a7f593548a -> 
  custom:scripting/monoscript/fileName/PlayerMovement.cs: 5c1499cfc43e291157e191fb54bb34f9 -> 
  custom:audio-encoder-webm-vorbis: bf7c407c2cedff20999df2af8eb42d56 -> 
  custom:scripting/monoscript/fileName/Camerainstaller.cs: 1262b440f8e9debe1c346f0bd50c4f47 -> 
========================================================================
Received Import Request.
  Time since last request: 49027.384201 seconds.
  path: Assets/Kabungus/HouseholdItems/Models/Flashlight.fbx
  artifactKey: Guid(44d5df41eb2bff84eac7e4c99a05dde7) Importer(815301076,1909f56bfc062723c751e8b465ee728b)
Start importing Assets/Kabungus/HouseholdItems/Models/Flashlight.fbx using Guid(44d5df41eb2bff84eac7e4c99a05dde7) Importer(815301076,1909f56bfc062723c751e8b465ee728b)  -> (artifact id: '05d10a4bbc2ef8e4f46641b9aea82e45') in 0.110968 seconds
Number of updated asset objects reloaded before import = 0
Number of asset objects unloaded after import = 9
========================================================================
Received Import Request.
  Time since last request: 2.706123 seconds.
  path: Assets/Kabungus/HouseholdItems/Models/Hammer2.fbx
  artifactKey: Guid(711d74a3645060e43b4c6c2cc20c54bd) Importer(815301076,1909f56bfc062723c751e8b465ee728b)
Start importing Assets/Kabungus/HouseholdItems/Models/Hammer2.fbx using Guid(711d74a3645060e43b4c6c2cc20c54bd) Importer(815301076,1909f56bfc062723c751e8b465ee728b)  -> (artifact id: 'b868571d06a51f8b1be1975f3a0b7382') in 0.013069 seconds
Number of updated asset objects reloaded before import = 0
Number of asset objects unloaded after import = 9
========================================================================
Received Import Request.
  Time since last request: 3.907882 seconds.
  path: Assets/Kabungus/HouseholdItems/Models/HealthKit.fbx
  artifactKey: Guid(398846502ebef9d4db139fba4c4f8e1c) Importer(815301076,1909f56bfc062723c751e8b465ee728b)
Start importing Assets/Kabungus/HouseholdItems/Models/HealthKit.fbx using Guid(398846502ebef9d4db139fba4c4f8e1c) Importer(815301076,1909f56bfc062723c751e8b465ee728b)  -> (artifact id: 'dca9ef5850e36e2c107368880db22ec0') in 0.012267 seconds
Number of updated asset objects reloaded before import = 0
Number of asset objects unloaded after import = 9
========================================================================
Received Import Request.
  Time since last request: 0.000014 seconds.
  path: Assets/Kabungus/HouseholdItems/Models/KitchenKnifeBrown.fbx
  artifactKey: Guid(30b2d5ef486e90c4f84072fe791deea3) Importer(815301076,1909f56bfc062723c751e8b465ee728b)
Start importing Assets/Kabungus/HouseholdItems/Models/KitchenKnifeBrown.fbx using Guid(30b2d5ef486e90c4f84072fe791deea3) Importer(815301076,1909f56bfc062723c751e8b465ee728b)  -> (artifact id: '18fe2ebe70df0d999eb87defdba9e6a4') in 0.013770 seconds
Number of updated asset objects reloaded before import = 0
Number of asset objects unloaded after import = 9
========================================================================
Received Import Request.
  Time since last request: 0.000023 seconds.
  path: Assets/Kabungus/HouseholdItems/Models/MilkCartonBlue.fbx
  artifactKey: Guid(199d563ea104d0448a487270a4cf4e63) Importer(815301076,1909f56bfc062723c751e8b465ee728b)
Start importing Assets/Kabungus/HouseholdItems/Models/MilkCartonBlue.fbx using Guid(199d563ea104d0448a487270a4cf4e63) Importer(815301076,1909f56bfc062723c751e8b465ee728b)  -> (artifact id: '3bef643802e8d82a269408e95a928a33') in 0.012523 seconds
Number of updated asset objects reloaded before import = 0
Number of asset objects unloaded after import = 9
========================================================================
Received Import Request.
  Time since last request: 5.969441 seconds.
  path: Assets/Kabungus/HouseholdItems/Models/Mug.fbx
  artifactKey: Guid(38c928c4da6a2564fa142dd6ce356b1b) Importer(815301076,1909f56bfc062723c751e8b465ee728b)
Start importing Assets/Kabungus/HouseholdItems/Models/Mug.fbx using Guid(38c928c4da6a2564fa142dd6ce356b1b) Importer(815301076,1909f56bfc062723c751e8b465ee728b)  -> (artifact id: '4b82f3b7dee080fd9d635b2040872830') in 0.011695 seconds
Number of updated asset objects reloaded before import = 0
Number of asset objects unloaded after import = 9
========================================================================
Received Import Request.
  Time since last request: 3.857207 seconds.
  path: Assets/Kabungus/HouseholdItems/Models/Pan.fbx
  artifactKey: Guid(1315d495536bc9b438a8e8cac29f075f) Importer(815301076,1909f56bfc062723c751e8b465ee728b)
Start importing Assets/Kabungus/HouseholdItems/Models/Pan.fbx using Guid(1315d495536bc9b438a8e8cac29f075f) Importer(815301076,1909f56bfc062723c751e8b465ee728b)  -> (artifact id: '12902e3b22066064b52513aff8397f20') in 0.014366 seconds
Number of updated asset objects reloaded before import = 0
Number of asset objects unloaded after import = 9
========================================================================
Received Import Request.
  Time since last request: 0.000020 seconds.
  path: Assets/Kabungus/HouseholdItems/Models/Plunger.fbx
  artifactKey: Guid(240aa151473f7404c8455dfb4869b593) Importer(815301076,1909f56bfc062723c751e8b465ee728b)
Start importing Assets/Kabungus/HouseholdItems/Models/Plunger.fbx using Guid(240aa151473f7404c8455dfb4869b593) Importer(815301076,1909f56bfc062723c751e8b465ee728b)  -> (artifact id: '636d1985617fd02bad22d23aa10c3e09') in 0.013670 seconds
Number of updated asset objects reloaded before import = 0
Number of asset objects unloaded after import = 9
========================================================================
Received Import Request.
  Time since last request: 0.000021 seconds.
  path: Assets/Kabungus/HouseholdItems/Models/PillBottle.fbx
  artifactKey: Guid(21407b519341c0d4183e3dc546deadae) Importer(815301076,1909f56bfc062723c751e8b465ee728b)
Start importing Assets/Kabungus/HouseholdItems/Models/PillBottle.fbx using Guid(21407b519341c0d4183e3dc546deadae) Importer(815301076,1909f56bfc062723c751e8b465ee728b)  -> (artifact id: '453b69cdb58ba78f0350d9ff3f59489e') in 0.013261 seconds
Number of updated asset objects reloaded before import = 0
Number of asset objects unloaded after import = 9
========================================================================
Received Import Request.
  Time since last request: 2.383024 seconds.
  path: Assets/Kabungus/HouseholdItems/Models/ScrewDriverBlue.fbx
  artifactKey: Guid(82c5bf8db4f44694a9f60476aad774e8) Importer(815301076,1909f56bfc062723c751e8b465ee728b)
Start importing Assets/Kabungus/HouseholdItems/Models/ScrewDriverBlue.fbx using Guid(82c5bf8db4f44694a9f60476aad774e8) Importer(815301076,1909f56bfc062723c751e8b465ee728b)  -> (artifact id: '4c81cefd21213ad8d1860700a12a1e56') in 0.012919 seconds
Number of updated asset objects reloaded before import = 0
Number of asset objects unloaded after import = 9
========================================================================
Received Import Request.
  Time since last request: 0.000017 seconds.
  path: Assets/Kabungus/HouseholdItems/Models/Spoon.fbx
  artifactKey: Guid(25b1a2c214aa2494e85518ad6711b3d2) Importer(815301076,1909f56bfc062723c751e8b465ee728b)
Start importing Assets/Kabungus/HouseholdItems/Models/Spoon.fbx using Guid(25b1a2c214aa2494e85518ad6711b3d2) Importer(815301076,1909f56bfc062723c751e8b465ee728b)  -> (artifact id: '087ef4fec2ddf77eca4b37a1b866cf49') in 0.014641 seconds
Number of updated asset objects reloaded before import = 0
Number of asset objects unloaded after import = 9
========================================================================
Received Import Request.
  Time since last request: 0.000021 seconds.
  path: Assets/Kabungus/HouseholdItems/Models/TapeMeasurer.fbx
  artifactKey: Guid(8a4aa8011446a5d409ec1e4d3549b583) Importer(815301076,1909f56bfc062723c751e8b465ee728b)
Start importing Assets/Kabungus/HouseholdItems/Models/TapeMeasurer.fbx using Guid(8a4aa8011446a5d409ec1e4d3549b583) Importer(815301076,1909f56bfc062723c751e8b465ee728b)  -> (artifact id: 'ad19e3e463bc742f463db4ab9c2798dd') in 0.013488 seconds
Number of updated asset objects reloaded before import = 0
Number of asset objects unloaded after import = 9
========================================================================
Received Import Request.
  Time since last request: 0.000016 seconds.
  path: Assets/Kabungus/HouseholdItems/Models/SmartPhoneBlue.fbx
  artifactKey: Guid(8e2067e9391ba0340be613d24391da10) Importer(815301076,1909f56bfc062723c751e8b465ee728b)
Start importing Assets/Kabungus/HouseholdItems/Models/SmartPhoneBlue.fbx using Guid(8e2067e9391ba0340be613d24391da10) Importer(815301076,1909f56bfc062723c751e8b465ee728b)  -> (artifact id: 'f13a0dd661a45ad2b4f9b0574bb6aff3') in 0.015565 seconds
Number of updated asset objects reloaded before import = 0
Number of asset objects unloaded after import = 9
========================================================================
Received Import Request.
  Time since last request: 0.000022 seconds.
  path: Assets/Kabungus/HouseholdItems/Models/SmartPhoneGreen.fbx
  artifactKey: Guid(0040c4d16007e584c99e3a3a31a452f3) Importer(815301076,1909f56bfc062723c751e8b465ee728b)
Start importing Assets/Kabungus/HouseholdItems/Models/SmartPhoneGreen.fbx using Guid(0040c4d16007e584c99e3a3a31a452f3) Importer(815301076,1909f56bfc062723c751e8b465ee728b)  -> (artifact id: '101943a77f8541c96a3ab37d339b7e8a') in 0.015099 seconds
Number of updated asset objects reloaded before import = 0
Number of asset objects unloaded after import = 9
========================================================================
Received Import Request.
  Time since last request: 10.131632 seconds.
  path: Assets/Kabungus/HouseholdItems/Models/ToothbrushBlue.fbx
  artifactKey: Guid(bdf30d5cbe35d924dbab3a0b19002705) Importer(815301076,1909f56bfc062723c751e8b465ee728b)
Start importing Assets/Kabungus/HouseholdItems/Models/ToothbrushBlue.fbx using Guid(bdf30d5cbe35d924dbab3a0b19002705) Importer(815301076,1909f56bfc062723c751e8b465ee728b)  -> (artifact id: '278cae21ef05f04e855eeca7638aa724') in 0.012282 seconds
Number of updated asset objects reloaded before import = 0
Number of asset objects unloaded after import = 9
========================================================================
Received Import Request.
  Time since last request: 0.000019 seconds.
  path: Assets/Kabungus/HouseholdItems/Models/ToothbrushRed.fbx
  artifactKey: Guid(e74d1924ac407a941876450ee6017fd3) Importer(815301076,1909f56bfc062723c751e8b465ee728b)
Start importing Assets/Kabungus/HouseholdItems/Models/ToothbrushRed.fbx using Guid(e74d1924ac407a941876450ee6017fd3) Importer(815301076,1909f56bfc062723c751e8b465ee728b)  -> (artifact id: 'd1035d03b43ede9dc7774e6d29b01faa') in 0.012155 seconds
Number of updated asset objects reloaded before import = 0
Number of asset objects unloaded after import = 9
========================================================================
Received Import Request.
  Time since last request: 5.607356 seconds.
  path: Assets/Kabungus/HouseholdItems/Models/TVStand.fbx
  artifactKey: Guid(03d128306848ffc48a08081f54f6a85e) Importer(815301076,1909f56bfc062723c751e8b465ee728b)
Start importing Assets/Kabungus/HouseholdItems/Models/TVStand.fbx using Guid(03d128306848ffc48a08081f54f6a85e) Importer(815301076,1909f56bfc062723c751e8b465ee728b)  -> (artifact id: 'b7b660494b0f89b11744a9e7b832d64a') in 0.012789 seconds
Number of updated asset objects reloaded before import = 0
Number of asset objects unloaded after import = 9
========================================================================
Received Import Request.
  Time since last request: 30.007102 seconds.
  path: Assets/Plugins/Zenject/OptionalExtras/SampleGame1 (Beginner)/Media/Imported/SpaceShip/Textures/1K_Body-NM.jpg
  artifactKey: Guid(b425f3d4e800e284e90bfeccc7276fba) Importer(815301076,1909f56bfc062723c751e8b465ee728b)
Start importing Assets/Plugins/Zenject/OptionalExtras/SampleGame1 (Beginner)/Media/Imported/SpaceShip/Textures/1K_Body-NM.jpg using Guid(b425f3d4e800e284e90bfeccc7276fba) Importer(815301076,1909f56bfc062723c751e8b465ee728b)  -> (artifact id: 'b23f4bd15ef96ceb4e3a8b7923c90dc8') in 0.024312 seconds
Number of updated asset objects reloaded before import = 0
Number of asset objects unloaded after import = 2
========================================================================
Received Import Request.
  Time since last request: 0.000024 seconds.
  path: Assets/Plugins/Zenject/OptionalExtras/MemoryPoolMonitor/Editor/TriangleUp.png
  artifactKey: Guid(ac5b05acff67c77418510f95f0ac9bb1) Importer(815301076,1909f56bfc062723c751e8b465ee728b)
Start importing Assets/Plugins/Zenject/OptionalExtras/MemoryPoolMonitor/Editor/TriangleUp.png using Guid(ac5b05acff67c77418510f95f0ac9bb1) Importer(815301076,1909f56bfc062723c751e8b465ee728b)  -> (artifact id: '843e12cdfb9f4a374b2d8fb9744f2ae6') in 0.011886 seconds
Number of updated asset objects reloaded before import = 0
Number of asset objects unloaded after import = 2
========================================================================
Received Import Request.
  Time since last request: 0.000021 seconds.
  path: Assets/Models/normal.png
  artifactKey: Guid(d48c8233c438eb942925527b56be4358) Importer(815301076,1909f56bfc062723c751e8b465ee728b)
Start importing Assets/Models/normal.png using Guid(d48c8233c438eb942925527b56be4358) Importer(815301076,1909f56bfc062723c751e8b465ee728b)  -> (artifact id: 'c45f558f5461049329be4825d0a1918a') in 0.014749 seconds
Number of updated asset objects reloaded before import = 0
Number of asset objects unloaded after import = 2
========================================================================
Received Import Request.
  Time since last request: 0.000031 seconds.
  path: Assets/Joystick Pack/Sprites/Horizontal Backgrounds/Horizontal_Outline.png
  artifactKey: Guid(cd0a2c1b2c014ba4c80c1df786e150e9) Importer(815301076,1909f56bfc062723c751e8b465ee728b)
Start importing Assets/Joystick Pack/Sprites/Horizontal Backgrounds/Horizontal_Outline.png using Guid(cd0a2c1b2c014ba4c80c1df786e150e9) Importer(815301076,1909f56bfc062723c751e8b465ee728b)  -> (artifact id: 'e6eed99a515fc22b25e1d20120f44f85') in 0.021952 seconds
Number of updated asset objects reloaded before import = 0
Number of asset objects unloaded after import = 3
========================================================================
Received Import Request.
  Time since last request: 0.000016 seconds.
  path: Assets/Joystick Pack/Sprites/Vertical Backgrounds/Vertical_Ridged.png
  artifactKey: Guid(08c1fa6351174a9439d97cfc9d3307cc) Importer(815301076,1909f56bfc062723c751e8b465ee728b)
Start importing Assets/Joystick Pack/Sprites/Vertical Backgrounds/Vertical_Ridged.png using Guid(08c1fa6351174a9439d97cfc9d3307cc) Importer(815301076,1909f56bfc062723c751e8b465ee728b)  -> (artifact id: '8f139f1002d7af858cda3f0e846e9064') in 0.011967 seconds
Number of updated asset objects reloaded before import = 0
Number of asset objects unloaded after import = 3
========================================================================
Received Import Request.
  Time since last request: 0.000015 seconds.
  path: Assets/Plugins/Zenject/OptionalExtras/SampleGame1 (Beginner)/Media/Imported/Textures/CampfireLeft.psd
  artifactKey: Guid(a72df340b82eb4fd2afbb9dbe634f4bc) Importer(815301076,1909f56bfc062723c751e8b465ee728b)
Start importing Assets/Plugins/Zenject/OptionalExtras/SampleGame1 (Beginner)/Media/Imported/Textures/CampfireLeft.psd using Guid(a72df340b82eb4fd2afbb9dbe634f4bc) Importer(815301076,1909f56bfc062723c751e8b465ee728b)  -> (artifact id: '46da3ff13c28fa7ba7131d499464f226') in 0.010683 seconds
Number of updated asset objects reloaded before import = 0
Number of asset objects unloaded after import = 2
========================================================================
Received Import Request.
  Time since last request: 0.000016 seconds.
  path: Assets/Plugins/Zenject/OptionalExtras/IntegrationTests/Factories/Resources/TestBindFactory/TestTexture.png
  artifactKey: Guid(7dd391639aa29ed45a73e9a214f4872c) Importer(815301076,1909f56bfc062723c751e8b465ee728b)
Start importing Assets/Plugins/Zenject/OptionalExtras/IntegrationTests/Factories/Resources/TestBindFactory/TestTexture.png using Guid(7dd391639aa29ed45a73e9a214f4872c) Importer(815301076,1909f56bfc062723c751e8b465ee728b)  -> (artifact id: '2da38603621940cc47b1cc359fc3ee42') in 0.009275 seconds
Number of updated asset objects reloaded before import = 0
Number of asset objects unloaded after import = 2
========================================================================
Received Import Request.
  Time since last request: 0.000016 seconds.
  path: Assets/Plugins/Zenject/OptionalExtras/SampleGame1 (Beginner)/Media/Imported/Textures/fire2.png
  artifactKey: Guid(590e5ca5d888e4258ac16b80a33e024d) Importer(815301076,1909f56bfc062723c751e8b465ee728b)
Start importing Assets/Plugins/Zenject/OptionalExtras/SampleGame1 (Beginner)/Media/Imported/Textures/fire2.png using Guid(590e5ca5d888e4258ac16b80a33e024d) Importer(815301076,1909f56bfc062723c751e8b465ee728b)  -> (artifact id: '7e4aa7fcf42483befa065c12a3cd8678') in 0.013471 seconds
Number of updated asset objects reloaded before import = 0
Number of asset objects unloaded after import = 2
========================================================================
Received Import Request.
  Time since last request: 0.000015 seconds.
  path: Assets/Plugins/Zenject/OptionalExtras/SampleGame2 (Advanced)/Media/Textures/Free_Shmup_Sprites_Starfield.png
  artifactKey: Guid(f7fb955b5256c934db2b806c17259412) Importer(815301076,1909f56bfc062723c751e8b465ee728b)
Start importing Assets/Plugins/Zenject/OptionalExtras/SampleGame2 (Advanced)/Media/Textures/Free_Shmup_Sprites_Starfield.png using Guid(f7fb955b5256c934db2b806c17259412) Importer(815301076,1909f56bfc062723c751e8b465ee728b)  -> (artifact id: '7b440c9dbdd68347c0ac1f8c55ab94c6') in 0.010728 seconds
Number of updated asset objects reloaded before import = 0
Number of asset objects unloaded after import = 2
========================================================================
Received Import Request.
  Time since last request: 0.000014 seconds.
  path: Assets/Plugins/Zenject/OptionalExtras/SampleGame1 (Beginner)/Media/Textures/Background/Free_Shmup_Sprites_Starfield.png
  artifactKey: Guid(76790d87a6ceac544a057439dbe4d6c3) Importer(815301076,1909f56bfc062723c751e8b465ee728b)
Start importing Assets/Plugins/Zenject/OptionalExtras/SampleGame1 (Beginner)/Media/Textures/Background/Free_Shmup_Sprites_Starfield.png using Guid(76790d87a6ceac544a057439dbe4d6c3) Importer(815301076,1909f56bfc062723c751e8b465ee728b)  -> (artifact id: 'b3faed6b0e55dc24fc673035ed23fc4c') in 0.015634 seconds
Number of updated asset objects reloaded before import = 0
Number of asset objects unloaded after import = 2
========================================================================
Received Import Request.
  Time since last request: 0.000020 seconds.
  path: Assets/Joystick Pack/Sprites/All Axis Backgrounds/AllAxis_Outline.png
  artifactKey: Guid(5b56d9fa0e8bd6e409ed188db38a692c) Importer(815301076,1909f56bfc062723c751e8b465ee728b)
Start importing Assets/Joystick Pack/Sprites/All Axis Backgrounds/AllAxis_Outline.png using Guid(5b56d9fa0e8bd6e409ed188db38a692c) Importer(815301076,1909f56bfc062723c751e8b465ee728b)  -> (artifact id: '4dd61a3f2a4090b706506ccb674c83bf') in 0.013359 seconds
Number of updated asset objects reloaded before import = 0
Number of asset objects unloaded after import = 3
========================================================================
Received Import Request.
  Time since last request: 0.000070 seconds.
  path: Assets/Plugins/Zenject/OptionalExtras/SampleGame1 (Beginner)/Media/Textures/stars.jpg
  artifactKey: Guid(d1e4a3e1339b0c84197ec2fe60c41ed6) Importer(815301076,1909f56bfc062723c751e8b465ee728b)
Start importing Assets/Plugins/Zenject/OptionalExtras/SampleGame1 (Beginner)/Media/Textures/stars.jpg using Guid(d1e4a3e1339b0c84197ec2fe60c41ed6) Importer(815301076,1909f56bfc062723c751e8b465ee728b)  -> (artifact id: '87cadd2f63796e88882ea7b062713b12') in 0.012133 seconds
Number of updated asset objects reloaded before import = 0
Number of asset objects unloaded after import = 2
========================================================================
Received Import Request.
  Time since last request: 0.000022 seconds.
  path: Assets/Plugins/Zenject/OptionalExtras/SampleGame1 (Beginner)/Media/Imported/Textures/Spark.png
  artifactKey: Guid(21bf9efbdbbbd4e34af72f1de5e334f6) Importer(815301076,1909f56bfc062723c751e8b465ee728b)
Start importing Assets/Plugins/Zenject/OptionalExtras/SampleGame1 (Beginner)/Media/Imported/Textures/Spark.png using Guid(21bf9efbdbbbd4e34af72f1de5e334f6) Importer(815301076,1909f56bfc062723c751e8b465ee728b)  -> (artifact id: '6bb199415fc3138f3bd154c506073e88') in 0.011243 seconds
Number of updated asset objects reloaded before import = 0
Number of asset objects unloaded after import = 2
========================================================================
Received Import Request.
  Time since last request: 0.000019 seconds.
  path: Assets/Plugins/Zenject/OptionalExtras/SampleGame1 (Beginner)/Media/Imported/SpaceShip/Textures/1K_Spec.jpg
  artifactKey: Guid(0ea2ae5c475a8224f9f6c107611afe7b) Importer(815301076,1909f56bfc062723c751e8b465ee728b)
Start importing Assets/Plugins/Zenject/OptionalExtras/SampleGame1 (Beginner)/Media/Imported/SpaceShip/Textures/1K_Spec.jpg using Guid(0ea2ae5c475a8224f9f6c107611afe7b) Importer(815301076,1909f56bfc062723c751e8b465ee728b)  -> (artifact id: 'faf4907ba9e4c84343c373b6d5229c79') in 0.013598 seconds
Number of updated asset objects reloaded before import = 0
Number of asset objects unloaded after import = 2
========================================================================
Received Import Request.
  Time since last request: 0.000020 seconds.
  path: Assets/Joystick Pack/Sprites/Vertical Backgrounds/Vertical_Outline_Arrows.png
  artifactKey: Guid(c615706690ca87043ad593475e6db7ec) Importer(815301076,1909f56bfc062723c751e8b465ee728b)
Start importing Assets/Joystick Pack/Sprites/Vertical Backgrounds/Vertical_Outline_Arrows.png using Guid(c615706690ca87043ad593475e6db7ec) Importer(815301076,1909f56bfc062723c751e8b465ee728b)  -> (artifact id: '3f8fcfecec03da1daa69f603a93b6d54') in 0.016102 seconds
Number of updated asset objects reloaded before import = 0
Number of asset objects unloaded after import = 3
========================================================================
Received Import Request.
  Time since last request: 0.000016 seconds.
  path: Assets/Joystick Pack/Sprites/Handles/Handle_Outline.png
  artifactKey: Guid(085185b08a40a924985bc0e4176edea6) Importer(815301076,1909f56bfc062723c751e8b465ee728b)
Start importing Assets/Joystick Pack/Sprites/Handles/Handle_Outline.png using Guid(085185b08a40a924985bc0e4176edea6) Importer(815301076,1909f56bfc062723c751e8b465ee728b)  -> (artifact id: '82762adf35b38ac1df242fffce39e133') in 0.016478 seconds
Number of updated asset objects reloaded before import = 0
Number of asset objects unloaded after import = 3
========================================================================
Received Import Request.
  Time since last request: 0.000023 seconds.
  path: Assets/Joystick Pack/Sprites/Horizontal Backgrounds/Horizontal_Ridged.png
  artifactKey: Guid(6304ad603f150b649b764d29bbc2a87b) Importer(815301076,1909f56bfc062723c751e8b465ee728b)
Start importing Assets/Joystick Pack/Sprites/Horizontal Backgrounds/Horizontal_Ridged.png using Guid(6304ad603f150b649b764d29bbc2a87b) Importer(815301076,1909f56bfc062723c751e8b465ee728b)  -> (artifact id: '2b6a0d0c8089aee5b1ae297a65c02f4b') in 0.015884 seconds
Number of updated asset objects reloaded before import = 0
Number of asset objects unloaded after import = 3
========================================================================
Received Import Request.
  Time since last request: 0.000022 seconds.
  path: Assets/Joystick Pack/Sprites/All Axis Backgrounds/AllAxis_Ridged.png
  artifactKey: Guid(54628aafa20f64b40ae661038ee7abf0) Importer(815301076,1909f56bfc062723c751e8b465ee728b)
Start importing Assets/Joystick Pack/Sprites/All Axis Backgrounds/AllAxis_Ridged.png using Guid(54628aafa20f64b40ae661038ee7abf0) Importer(815301076,1909f56bfc062723c751e8b465ee728b)  -> (artifact id: '549aa6c34f1957e72df90a1289f50985') in 0.015672 seconds
Number of updated asset objects reloaded before import = 0
Number of asset objects unloaded after import = 3
========================================================================
Received Import Request.
  Time since last request: 0.000020 seconds.
  path: Assets/Plugins/Zenject/OptionalExtras/SampleGame1 (Beginner)/Media/Imported/SpaceShip/Textures/1K_TXTR+Spec.tif
  artifactKey: Guid(d502334f478d23c4baaa4781df176eaf) Importer(815301076,1909f56bfc062723c751e8b465ee728b)
Start importing Assets/Plugins/Zenject/OptionalExtras/SampleGame1 (Beginner)/Media/Imported/SpaceShip/Textures/1K_TXTR+Spec.tif using Guid(d502334f478d23c4baaa4781df176eaf) Importer(815301076,1909f56bfc062723c751e8b465ee728b)  -> (artifact id: 'a40fb5b169b644bcbb8ac39dc05d314c') in 0.014468 seconds
Number of updated asset objects reloaded before import = 0
Number of asset objects unloaded after import = 2
========================================================================
Received Prepare
Refreshing native plugins compatible for Editor in 2.02 ms, found 3 plugins.
Preloading 0 native plugins for Editor in 0.00 ms.
Unloading 0 Unused Serialized files (Serialized files now loaded: 0)
Unloading 1 unused Assets / (0.8 KB). Loaded Objects now: 4214.
Memory consumption went from 81.7 MB to 81.7 MB.
Total: 3.813100 ms (FindLiveObjects: 0.316800 ms CreateObjectMapping: 0.216100 ms MarkObjects: 3.258100 ms  DeleteObjects: 0.021300 ms)

Prepare: number of updated asset objects reloaded= 0
AssetImportParameters requested are different than current active one (requested -> active):
  custom:scripting/monoscript/fileName/MobileInput.cs: 45157213a592705003ce47297923910a -> b2cb607d5a17cee75ff10673ad6b3f6c
  custom:container-demuxer-ogg: 62fdf1f143b41e24485cea50d1cbac27 -> 
  custom:video-codec-MediaFoundation-h265: 746d11721c4dcdbdad8f713fa42b33f4 -> 
  custom:video-decoder-ogg-theora: a1e56fd34408186e4bbccfd4996cb3dc -> 
  custom:framework-win-MediaFoundation: 216162199b28c13a410421893ffa2e32 -> 
  custom:scripting/monoscript/fileName/NewBehaviourScript.cs: b21687ddb03d73bd9f0c1daecb9714de -> 
  custom:scripting/monoscript/fileName/PlayerController.cs: 5b090d859ab09be631dc3b0f203f9571 -> d93a52a180fbbe603a59e9aa6da73c83
  custom:scripting/monoscript/fileName/PCInput.cs: 396424ac44d37adab54ca50b573b6ad4 -> 48ba8b03df181ac4dd8a05cdc946d955
  custom:scripting/monoscript/fileName/PCCameraControl.cs: b0f912f6625847ccda609c320a0870b6 -> 
  custom:CustomObjectIndexerAttribute: 756ad292c208cfabdd7b50bc23989ffe -> 
  custom:scripting/monoscript/fileName/PCCameraControllerr.cs: 279ae8e8d9421672c21875d1fa8dc6fb -> 
  custom:container-demuxer-webm: 4f35f7cbe854078d1ac9338744f61a02 -> 
  custom:scripting/monoscript/fileName/Garage.cs: defaf261f3c2997ca53792871b05c5c9 -> 
  custom:scripting/monoscript/fileName/CameraInstaller.cs: 184db95a342f296d6c28aec27e4da93b -> 
  custom:scripting/monoscript/fileName/InputInstaller.cs: 29507d60b6fe51d1f8d0bff68f77da68 -> aa94c66e08e0658d2f03e10e6f45d650
  custom:container-muxer-webm: aa71ff27fc2769a1b78a27578f13a17b -> 
  custom:video-decoder-webm-vp8: 9c59270c3fd7afecdb556c50c9e8de78 -> 
  custom:scripting/monoscript/fileName/MobileCameraControl.cs: 9e4e60dda4197200f3feb228187b45f1 -> 
  custom:SearchIndexIgnoredProperties: e643bd26f0fe6173181afceb89e7c659 -> 
  custom:AudioImporter_EditorPlatform: d09bf68614088b80899f8185d706f6e7 -> 
  custom:scripting/monoscript/fileName/ICamera.cs: 44d8a2333003cbeb1e95fbd4f7cf8059 -> 
  custom:scripting/monoscript/fileName/ICameraControl.cs: b8fcd9a2debb20790708f7b8a1386cc4 -> 
  custom:scripting/monoscript/fileName/CameraController.cs: 8c1552359b63a9cc2441f8476730760e -> 
  custom:scripting/monoscript/fileName/MouseLook.cs: 02bafd22af827e561c2131ae88bbd075 -> 
  custom:scripting/monoscript/fileName/IInput.cs: e48f7b6109113fde9d57000266ab09ef -> d54d7530a6c7b0aa24b87579df99120c
  custom:scripting/monoscript/fileName/GameInstaller.cs: 50339ac44199edb3dda3a56c558c6fc9 -> 06a0a1c302e0a5f0af9ae605aa507c81
  custom:video-encoder-webm-vp8: eb34c28f22e8b96e1ab97ce403110664 -> 
  custom:audio-decoder-ogg-vorbis: bf7c407c2cedff20999df2af8eb42d56 -> 
  custom:scripting/monoscript/fileName/MobileCameraController.cs: 3fda4a38c19fc6ffca91ea13aa74bb6e -> 
  custom:scripting/monoscript/fileName/Item.cs: edfd25bbe8f561e55c7415f9c3adacfe -> 
  custom:scripting/monoscript/fileName/IInteractable.cs: 07db8337fad5027baa99a7050842f606 -> 
  custom:scripting/monoscript/fileName/Player.cs: 007e2e63cbf915a2b71612a7f593548a -> 
  custom:scripting/monoscript/fileName/PlayerMovement.cs: 5c1499cfc43e291157e191fb54bb34f9 -> 
  custom:audio-encoder-webm-vorbis: bf7c407c2cedff20999df2af8eb42d56 -> 
  custom:scripting/monoscript/fileName/Camerainstaller.cs: 1262b440f8e9debe1c346f0bd50c4f47 -> 
========================================================================
Received Prepare
Refreshing native plugins compatible for Editor in 1.92 ms, found 3 plugins.
Preloading 0 native plugins for Editor in 0.00 ms.
Unloading 1 Unused Serialized files (Serialized files now loaded: 0)
Unloading 1 unused Assets / (3.0 KB). Loaded Objects now: 4214.
Memory consumption went from 82.0 MB to 81.9 MB.
Total: 2.990500 ms (FindLiveObjects: 0.318200 ms CreateObjectMapping: 0.094600 ms MarkObjects: 2.555800 ms  DeleteObjects: 0.021200 ms)

Prepare: number of updated asset objects reloaded= 0
AssetImportParameters requested are different than current active one (requested -> active):
  custom:scripting/monoscript/fileName/MobileInput.cs: 45157213a592705003ce47297923910a -> b2cb607d5a17cee75ff10673ad6b3f6c
  custom:container-demuxer-ogg: 62fdf1f143b41e24485cea50d1cbac27 -> 
  custom:video-codec-MediaFoundation-h265: 746d11721c4dcdbdad8f713fa42b33f4 -> 
  custom:video-decoder-ogg-theora: a1e56fd34408186e4bbccfd4996cb3dc -> 
  custom:framework-win-MediaFoundation: 216162199b28c13a410421893ffa2e32 -> 
  custom:scripting/monoscript/fileName/NewBehaviourScript.cs: b21687ddb03d73bd9f0c1daecb9714de -> 
  custom:scripting/monoscript/fileName/PlayerController.cs: 5b090d859ab09be631dc3b0f203f9571 -> d93a52a180fbbe603a59e9aa6da73c83
  custom:scripting/monoscript/fileName/PCInput.cs: 396424ac44d37adab54ca50b573b6ad4 -> 48ba8b03df181ac4dd8a05cdc946d955
  custom:scripting/monoscript/fileName/PCCameraControl.cs: b0f912f6625847ccda609c320a0870b6 -> 
  custom:CustomObjectIndexerAttribute: 756ad292c208cfabdd7b50bc23989ffe -> 
  custom:scripting/monoscript/fileName/PCCameraControllerr.cs: 279ae8e8d9421672c21875d1fa8dc6fb -> 
  custom:container-demuxer-webm: 4f35f7cbe854078d1ac9338744f61a02 -> 
  custom:scripting/monoscript/fileName/Garage.cs: defaf261f3c2997ca53792871b05c5c9 -> 
  custom:scripting/monoscript/fileName/CameraInstaller.cs: 184db95a342f296d6c28aec27e4da93b -> 
  custom:scripting/monoscript/fileName/InputInstaller.cs: 29507d60b6fe51d1f8d0bff68f77da68 -> aa94c66e08e0658d2f03e10e6f45d650
  custom:container-muxer-webm: aa71ff27fc2769a1b78a27578f13a17b -> 
  custom:video-decoder-webm-vp8: 9c59270c3fd7afecdb556c50c9e8de78 -> 
  custom:scripting/monoscript/fileName/MobileCameraControl.cs: 9e4e60dda4197200f3feb228187b45f1 -> 
  custom:SearchIndexIgnoredProperties: e643bd26f0fe6173181afceb89e7c659 -> 
  custom:AudioImporter_EditorPlatform: d09bf68614088b80899f8185d706f6e7 -> 
  custom:scripting/monoscript/fileName/ICamera.cs: 44d8a2333003cbeb1e95fbd4f7cf8059 -> 
  custom:scripting/monoscript/fileName/ICameraControl.cs: b8fcd9a2debb20790708f7b8a1386cc4 -> 
  custom:scripting/monoscript/fileName/CameraController.cs: 8c1552359b63a9cc2441f8476730760e -> 
  custom:scripting/monoscript/fileName/MouseLook.cs: 02bafd22af827e561c2131ae88bbd075 -> 
  custom:scripting/monoscript/fileName/IInput.cs: e48f7b6109113fde9d57000266ab09ef -> d54d7530a6c7b0aa24b87579df99120c
  custom:scripting/monoscript/fileName/GameInstaller.cs: 50339ac44199edb3dda3a56c558c6fc9 -> 06a0a1c302e0a5f0af9ae605aa507c81
  custom:video-encoder-webm-vp8: eb34c28f22e8b96e1ab97ce403110664 -> 
  custom:audio-decoder-ogg-vorbis: bf7c407c2cedff20999df2af8eb42d56 -> 
  custom:scripting/monoscript/fileName/MobileCameraController.cs: 3fda4a38c19fc6ffca91ea13aa74bb6e -> 
  custom:scripting/monoscript/fileName/Item.cs: edfd25bbe8f561e55c7415f9c3adacfe -> 
  custom:scripting/monoscript/fileName/IInteractable.cs: 07db8337fad5027baa99a7050842f606 -> 
  custom:scripting/monoscript/fileName/Player.cs: 007e2e63cbf915a2b71612a7f593548a -> 
  custom:scripting/monoscript/fileName/PlayerMovement.cs: 5c1499cfc43e291157e191fb54bb34f9 -> 
  custom:audio-encoder-webm-vorbis: bf7c407c2cedff20999df2af8eb42d56 -> 
  custom:scripting/monoscript/fileName/Camerainstaller.cs: 1262b440f8e9debe1c346f0bd50c4f47 -> 
========================================================================
Received Prepare
Begin MonoManager ReloadAssembly
- Loaded All Assemblies, in  0.594 seconds
Refreshing native plugins compatible for Editor in 2.66 ms, found 3 plugins.
Native extension for WindowsStandalone target not found
Native extension for Android target not found
Mono: successfully reloaded assembly
- Finished resetting the current domain, in  0.843 seconds
Domain Reload Profiling: 1438ms
	BeginReloadAssembly (183ms)
		ExecutionOrderSort (0ms)
		DisableScriptedObjects (4ms)
		BackupInstance (0ms)
		ReleaseScriptingObjects (0ms)
		CreateAndSetChildDomain (47ms)
	RebuildCommonClasses (41ms)
	RebuildNativeTypeToScriptingClass (8ms)
	initialDomainReloadingComplete (26ms)
	LoadAllAssembliesAndSetupDomain (335ms)
		LoadAssemblies (292ms)
		RebuildTransferFunctionScriptingTraits (0ms)
		AnalyzeDomain (133ms)
			TypeCache.Refresh (107ms)
				TypeCache.ScanAssembly (92ms)
			ScanForSourceGeneratedMonoScriptInfo (17ms)
			ResolveRequiredComponents (7ms)
	FinalizeReload (844ms)
		ReleaseScriptCaches (0ms)
		RebuildScriptCaches (0ms)
		SetupLoadedEditorAssemblies (431ms)
			LogAssemblyErrors (0ms)
			InitializePlatformSupportModulesInManaged (23ms)
			SetLoadedEditorAssemblies (4ms)
			RefreshPlugins (0ms)
			BeforeProcessingInitializeOnLoad (63ms)
			ProcessInitializeOnLoadAttributes (320ms)
			ProcessInitializeOnLoadMethodAttributes (18ms)
			AfterProcessingInitializeOnLoad (2ms)
			EditorAssembliesLoaded (0ms)
		ExecutionOrderSort2 (0ms)
		AwakeInstancesAfterBackupRestoration (6ms)
Refreshing native plugins compatible for Editor in 2.86 ms, found 3 plugins.
Preloading 0 native plugins for Editor in 0.00 ms.
Unloading 3693 Unused Serialized files (Serialized files now loaded: 0)
Unloading 26 unused Assets / (33.8 KB). Loaded Objects now: 4216.
Memory consumption went from 140.4 MB to 140.3 MB.
Total: 2.937200 ms (FindLiveObjects: 0.286900 ms CreateObjectMapping: 0.336600 ms MarkObjects: 2.258900 ms  DeleteObjects: 0.053900 ms)

Prepare: number of updated asset objects reloaded= 0
AssetImportParameters requested are different than current active one (requested -> active):
  custom:scripting/monoscript/fileName/MobileInput.cs: 45157213a592705003ce47297923910a -> b2cb607d5a17cee75ff10673ad6b3f6c
  custom:container-demuxer-ogg: 62fdf1f143b41e24485cea50d1cbac27 -> 
  custom:video-codec-MediaFoundation-h265: 746d11721c4dcdbdad8f713fa42b33f4 -> 
  custom:video-decoder-ogg-theora: a1e56fd34408186e4bbccfd4996cb3dc -> 
  custom:framework-win-MediaFoundation: 216162199b28c13a410421893ffa2e32 -> 
  custom:scripting/monoscript/fileName/NewBehaviourScript.cs: b21687ddb03d73bd9f0c1daecb9714de -> 
  custom:scripting/monoscript/fileName/PlayerController.cs: 5b090d859ab09be631dc3b0f203f9571 -> d93a52a180fbbe603a59e9aa6da73c83
  custom:scripting/monoscript/fileName/PCInput.cs: 396424ac44d37adab54ca50b573b6ad4 -> 48ba8b03df181ac4dd8a05cdc946d955
  custom:scripting/monoscript/fileName/PCCameraControl.cs: b0f912f6625847ccda609c320a0870b6 -> 
  custom:CustomObjectIndexerAttribute: 756ad292c208cfabdd7b50bc23989ffe -> 
  custom:scripting/monoscript/fileName/PCCameraControllerr.cs: 279ae8e8d9421672c21875d1fa8dc6fb -> 
  custom:container-demuxer-webm: 4f35f7cbe854078d1ac9338744f61a02 -> 
  custom:scripting/monoscript/fileName/Garage.cs: defaf261f3c2997ca53792871b05c5c9 -> 
  custom:scripting/monoscript/fileName/CameraInstaller.cs: 184db95a342f296d6c28aec27e4da93b -> 
  custom:scripting/monoscript/fileName/InputInstaller.cs: 29507d60b6fe51d1f8d0bff68f77da68 -> aa94c66e08e0658d2f03e10e6f45d650
  custom:container-muxer-webm: aa71ff27fc2769a1b78a27578f13a17b -> 
  custom:video-decoder-webm-vp8: 9c59270c3fd7afecdb556c50c9e8de78 -> 
  custom:scripting/monoscript/fileName/MobileCameraControl.cs: 9e4e60dda4197200f3feb228187b45f1 -> 
  custom:SearchIndexIgnoredProperties: e643bd26f0fe6173181afceb89e7c659 -> 
  custom:AudioImporter_EditorPlatform: d09bf68614088b80899f8185d706f6e7 -> 
  custom:scripting/monoscript/fileName/ICamera.cs: 44d8a2333003cbeb1e95fbd4f7cf8059 -> 
  custom:scripting/monoscript/fileName/ICameraControl.cs: b8fcd9a2debb20790708f7b8a1386cc4 -> 
  custom:scripting/monoscript/fileName/CameraController.cs: 8c1552359b63a9cc2441f8476730760e -> 
  custom:scripting/monoscript/fileName/MouseLook.cs: 02bafd22af827e561c2131ae88bbd075 -> 
  custom:scripting/monoscript/fileName/IInput.cs: e48f7b6109113fde9d57000266ab09ef -> d54d7530a6c7b0aa24b87579df99120c
  custom:scripting/monoscript/fileName/GameInstaller.cs: 50339ac44199edb3dda3a56c558c6fc9 -> 06a0a1c302e0a5f0af9ae605aa507c81
  custom:video-encoder-webm-vp8: eb34c28f22e8b96e1ab97ce403110664 -> 
  custom:audio-decoder-ogg-vorbis: bf7c407c2cedff20999df2af8eb42d56 -> 
  custom:scripting/monoscript/fileName/MobileCameraController.cs: 3fda4a38c19fc6ffca91ea13aa74bb6e -> 
  custom:scripting/monoscript/fileName/Item.cs: edfd25bbe8f561e55c7415f9c3adacfe -> 
  custom:scripting/monoscript/fileName/IInteractable.cs: 07db8337fad5027baa99a7050842f606 -> 
  custom:scripting/monoscript/fileName/Player.cs: 007e2e63cbf915a2b71612a7f593548a -> 
  custom:scripting/monoscript/fileName/PlayerMovement.cs: 5c1499cfc43e291157e191fb54bb34f9 -> 
  custom:audio-encoder-webm-vorbis: bf7c407c2cedff20999df2af8eb42d56 -> 
  custom:scripting/monoscript/fileName/Camerainstaller.cs: 1262b440f8e9debe1c346f0bd50c4f47 -> 
Editor requested this worker to shutdown with reason: Scaling down because of idle timeout
TcpMessagingSession - receive error: operation aborted. errorcode: 995, details: ќпераци€ ввода/вывода была прервана из-за завершени€ потока команд или по запросу приложени€.
AssetImportWorker is now disconnected from the server
Process exiting
Exiting without the bug reporter. Application will terminate with return code 0